Determining if the include file ffmpeg/avformat.h exists failed with the following output:
Change Dir: /home/quocnam/OpenCV-2.0.0/release/CMakeFiles/CMakeTmp

Run Build Command:/usr/bin/make "cmTryCompileExec/fast"
/usr/bin/make -f CMakeFiles/cmTryCompileExec.dir/build.make CMakeFiles/cmTryCompileExec.dir/build
make[1]: Entering directory `/home/quocnam/OpenCV-2.0.0/release/CMakeFiles/CMakeTmp'
/usr/bin/cmake -E cmake_progress_report /home/quocnam/OpenCV-2.0.0/release/CMakeFiles/CMakeTmp/CMakeFiles 1
Building C object CMakeFiles/cmTryCompileExec.dir/CheckIncludeFile.c.o
/usr/bin/gcc    -o CMakeFiles/cmTryCompileExec.dir/CheckIncludeFile.c.o   -c /home/quocnam/OpenCV-2.0.0/release/CMakeFiles/CMakeTmp/CheckIncludeFile.c
/home/quocnam/OpenCV-2.0.0/release/CMakeFiles/CMakeTmp/CheckIncludeFile.c:1: fatal error: ffmpeg/avformat.h: No such file or directory
compilation terminated.
make[1]: *** [CMakeFiles/cmTryCompileExec.dir/CheckIncludeFile.c.o] Error 1
make[1]: Leaving directory `/home/quocnam/OpenCV-2.0.0/release/CMakeFiles/CMakeTmp'
make: *** [cmTryCompileExec/fast] Error 2


Determining if the function alloca exists failed with the following output:
Change Dir: /home/quocnam/OpenCV-2.0.0/release/CMakeFiles/CMakeTmp

Run Build Command:/usr/bin/make "cmTryCompileExec/fast"
/usr/bin/make -f CMakeFiles/cmTryCompileExec.dir/build.make CMakeFiles/cmTryCompileExec.dir/build
make[1]: Entering directory `/home/quocnam/OpenCV-2.0.0/release/CMakeFiles/CMakeTmp'
/usr/bin/cmake -E cmake_progress_report /home/quocnam/OpenCV-2.0.0/release/CMakeFiles/CMakeTmp/CMakeFiles 1
Building C object CMakeFiles/cmTryCompileExec.dir/CheckFunctionExists.c.o
/usr/bin/gcc   -DCHECK_FUNCTION_EXISTS=alloca   -o CMakeFiles/cmTryCompileExec.dir/CheckFunctionExists.c.o   -c /usr/share/cmake-2.8/Modules/CheckFunctionExists.c
/usr/share/cmake-2.8/Modules/CheckFunctionExists.c:3: warning: conflicting types for built-in function ‘alloca’
Linking C executable cmTryCompileExec
/usr/bin/cmake -E cmake_link_script CMakeFiles/cmTryCompileExec.dir/link.txt --verbose=1
/usr/bin/gcc     -DCHECK_FUNCTION_EXISTS=alloca   CMakeFiles/cmTryCompileExec.dir/CheckFunctionExists.c.o  -o cmTryCompileExec -rdynamic 
CMakeFiles/cmTryCompileExec.dir/CheckFunctionExists.c.o: In function `main':
CheckFunctionExists.c:(.text+0x26): undefined reference to `alloca'
collect2: ld returned 1 exit status
make[1]: *** [cmTryCompileExec] Error 1
make[1]: Leaving directory `/home/quocnam/OpenCV-2.0.0/release/CMakeFiles/CMakeTmp'
make: *** [cmTryCompileExec/fast] Error 2


